<?xml version="1.0" encoding="UTF-8"?>
<testsuite name="com.monitoring.prometheus.WebappForPrometheusApplicationTests" tests="1" skipped="0" failures="0" errors="0" timestamp="2023-06-02T08:17:56" hostname="L-mswoo" time="2.318">
  <properties/>
  <testcase name="contextLoads()" classname="com.monitoring.prometheus.WebappForPrometheusApplicationTests" time="2.318"/>
  <system-out><![CDATA[17:17:50.208 [Test worker] INFO org.springframework.test.context.support.AnnotationConfigContextLoaderUtils -- Could not detect default configuration classes for test class [com.monitoring.prometheus.WebappForPrometheusApplicationTests]: WebappForPrometheusApplicationTests does not declare any static, non-private, non-final, nested classes annotated with @Configuration.
17:17:50.495 [Test worker] INFO org.springframework.boot.test.context.SpringBootTestContextBootstrapper -- Found @SpringBootConfiguration com.monitoring.prometheus.WebappForPrometheusApplication for test class com.monitoring.prometheus.WebappForPrometheusApplicationTests

  .   ____          _            __ _ _
 /\\ / ___'_ __ _ _(_)_ __  __ _ \ \ \ \
( ( )\___ | '_ | '_| | '_ \/ _` | \ \ \ \
 \\/  ___)| |_)| | | | | || (_| |  ) ) ) )
  '  |____| .__|_| |_|_| |_\__, | / / / /
 =========|_|==============|___/=/_/_/_/
 :: Spring Boot ::                (v3.1.0)

2023-06-02T17:17:51.820+09:00  INFO 363764 --- [    Test worker] .m.p.WebappForPrometheusApplicationTests : Starting WebappForPrometheusApplicationTests using Java 17.0.6 with PID 363764 (started by majjangjjang in /home/majjangjjang/git/springboot/prometheus)
2023-06-02T17:17:51.824+09:00  INFO 363764 --- [    Test worker] .m.p.WebappForPrometheusApplicationTests : No active profile set, falling back to 1 default profile: "default"
2023-06-02T17:17:56.155+09:00  INFO 363764 --- [    Test worker] o.s.b.a.e.web.EndpointLinksResolver      : Exposing 3 endpoint(s) beneath base path '/actuator'
2023-06-02T17:17:56.334+09:00  INFO 363764 --- [    Test worker] .m.p.WebappForPrometheusApplicationTests : Started WebappForPrometheusApplicationTests in 5.459 seconds (process running for 8.599)
]]></system-out>
  <system-err><![CDATA[]]></system-err>
</testsuite>
