<?xml version="1.0" encoding="UTF-8"?>
<testsuite name="com.monitoring.prometheus.WebappForPrometheusApplicationTests" tests="1" skipped="0" failures="0" errors="0" timestamp="2023-05-24T07:28:42" hostname="L-mswoo" time="14.177">
  <properties/>
  <testcase name="contextLoads()" classname="com.monitoring.prometheus.WebappForPrometheusApplicationTests" time="14.177"/>
  <system-out><![CDATA[16:27:53.110 [Test worker] INFO org.springframework.test.context.support.AnnotationConfigContextLoaderUtils -- Could not detect default configuration classes for test class [com.monitoring.prometheus.WebappForPrometheusApplicationTests]: WebappForPrometheusApplicationTests does not declare any static, non-private, non-final, nested classes annotated with @Configuration.
16:27:55.780 [Test worker] INFO org.springframework.boot.test.context.SpringBootTestContextBootstrapper -- Found @SpringBootConfiguration com.monitoring.prometheus.WebappForPrometheusApplication for test class com.monitoring.prometheus.WebappForPrometheusApplicationTests

  .   ____          _            __ _ _
 /\\ / ___'_ __ _ _(_)_ __  __ _ \ \ \ \
( ( )\___ | '_ | '_| | '_ \/ _` | \ \ \ \
 \\/  ___)| |_)| | | | | || (_| |  ) ) ) )
  '  |____| .__|_| |_|_| |_\__, | / / / /
 =========|_|==============|___/=/_/_/_/
 :: Spring Boot ::                (v3.1.0)

2023-05-24T16:28:09.875+09:00  INFO 3727 --- [    Test worker] .m.p.WebappForPrometheusApplicationTests : Starting WebappForPrometheusApplicationTests using Java 17.0.6 with PID 3727 (started by majjangjjang in /mnt/c/Users/mswoo/Downloads/webapp-for-prometheus/webapp-for-prometheus)
2023-05-24T16:28:09.893+09:00  INFO 3727 --- [    Test worker] .m.p.WebappForPrometheusApplicationTests : No active profile set, falling back to 1 default profile: "default"
2023-05-24T16:28:41.668+09:00  INFO 3727 --- [    Test worker] o.s.b.a.e.web.EndpointLinksResolver      : Exposing 3 endpoint(s) beneath base path '/actuator'
2023-05-24T16:28:41.935+09:00  INFO 3727 --- [    Test worker] .m.p.WebappForPrometheusApplicationTests : Started WebappForPrometheusApplicationTests in 41.076 seconds (process running for 57.692)
]]></system-out>
  <system-err><![CDATA[]]></system-err>
</testsuite>
